Using pre-set license
Built from '2020.3/staging' branch; Version is '2020.3.11f1 (99c7afb366b3) revision 10078127'; Using compiler version '192528614'; Build Type 'Release'
OS: 'Windows 10 Home; OS build 22483.1011; Version 2009; 64bit' Language: 'es' Physical Memory: 32684 MB
BatchMode: 1, IsHumanControllingUs: 0, StartBugReporterOnCrash: 0, Is64bit: 1, IsPro: 0

 COMMAND LINE ARGUMENTS:
D:\Unity\2020.3.11f1\Editor\Unity.exe
-adb2
-batchMode
-noUpm
-name
AssetImportWorker0
-projectPath
D:/Facultad/Semestre 2/Taller de Dise単o 1 - Prototimos de juegos/Miercoles/Engcargo Grupales/Juego Unity
-logFile
Logs/AssetImportWorker0.log
-srvPort
62287
Successfully changed project path to: D:/Facultad/Semestre 2/Taller de Dise単o 1 - Prototimos de juegos/Miercoles/Engcargo Grupales/Juego Unity
D:/Facultad/Semestre 2/Taller de Dise単o 1 - Prototimos de juegos/Miercoles/Engcargo Grupales/Juego Unity
Using Asset Import Pipeline V2.
Refreshing native plugins compatible for Editor in 45.26 ms, found 3 plugins.
Preloading 0 native plugins for Editor in 0.00 ms.
Initialize engine version: 2020.3.11f1 (99c7afb366b3)
[Subsystems] Discovering subsystems at path D:/Unity/2020.3.11f1/Editor/Data/Resources/UnitySubsystems
[Subsystems] Discovering subsystems at path D:/Facultad/Semestre 2/Taller de Dise単o 1 - Prototimos de juegos/Miercoles/Engcargo Grupales/Juego Unity/Assets
GfxDevice: creating device client; threaded=0
Direct3D:
    Version:  Direct3D 11.0 [level 11.1]
    Renderer: NVIDIA GeForce GTX 1070 Ti (ID=0x1b82)
    Vendor:   
    VRAM:     8079 MB
    Driver:   30.0.14.9613
Initialize mono
Mono path[0] = 'D:/Unity/2020.3.11f1/Editor/Data/Managed'
Mono path[1] = 'D:/Unity/2020.3.11f1/Editor/Data/MonoBleedingEdge/lib/mono/unityjit'
Mono config path = 'D:/Unity/2020.3.11f1/Editor/Data/MonoBleedingEdge/etc'
Using monoOptions --debugger-agent=transport=dt_socket,embedding=1,server=y,suspend=n,address=127.0.0.1:56536
Begin MonoManager ReloadAssembly
Registering precompiled unity dll's ...
Register platform support module: D:/Unity/2020.3.11f1/Editor/Data/PlaybackEngines/WebGLSupport/UnityEditor.WebGL.Extensions.dll
Register platform support module: D:/Unity/2020.3.11f1/Editor/Data/PlaybackEngines/WindowsStandaloneSupport/UnityEditor.WindowsStandalone.Extensions.dll
Registered in 0.001038 seconds.
Native extension for WindowsStandalone target not found
Native extension for WebGL target not found
Refreshing native plugins compatible for Editor in 44.36 ms, found 3 plugins.
Preloading 0 native plugins for Editor in 0.00 ms.
Mono: successfully reloaded assembly
- Completed reload, in  1.541 seconds
Platform modules already initialized, skipping
Registering precompiled user dll's ...
Registered in 0.003605 seconds.
Begin MonoManager ReloadAssembly
Native extension for WindowsStandalone target not found
Native extension for WebGL target not found
Refreshing native plugins compatible for Editor in 43.14 ms, found 3 plugins.
Preloading 0 native plugins for Editor in 0.00 ms.
Mono: successfully reloaded assembly
- Completed reload, in  1.032 seconds
Platform modules already initialized, skipping
========================================================================
Worker process is ready to serve import requests
Launched and connected shader compiler UnityShaderCompiler.exe after 0.06 seconds
Refreshing native plugins compatible for Editor in 0.52 ms, found 3 plugins.
Preloading 0 native plugins for Editor in 0.00 ms.
Unloading 2658 Unused Serialized files (Serialized files now loaded: 0)
System memory in use before: 118.3 MB.
System memory in use after: 118.4 MB.

Unloading 34 unused Assets to reduce memory usage. Loaded Objects now: 3095.
Total: 2.471700 ms (FindLiveObjects: 0.237900 ms CreateObjectMapping: 0.086600 ms MarkObjects: 2.009600 ms  DeleteObjects: 0.136800 ms)

========================================================================
Received Import Request.
  path: Assets/Scenes/Nivel 1.unity
  artifactKey: Guid(4fd55f710578bf6489d25e1c7bef1d58) Importer(815301076,1909f56bfc062723c751e8b465ee728b)
Start importing Assets/Scenes/Nivel 1.unity using Guid(4fd55f710578bf6489d25e1c7bef1d58) Importer(815301076,1909f56bfc062723c751e8b465ee728b)  -> (artifact id: 'e0b17b133c7cb09c7805144fd30b3ada') in 0.021683 seconds
  Import took 0.032603 seconds .

========================================================================
Received Import Request.
  Time since last request: 54.155041 seconds.
  path: Assets/Scenes/Jefe Nivel 1.unity
  artifactKey: Guid(89aba6eeda49da9489cd184d1efce303) Importer(815301076,1909f56bfc062723c751e8b465ee728b)
Start importing Assets/Scenes/Jefe Nivel 1.unity using Guid(89aba6eeda49da9489cd184d1efce303) Importer(815301076,1909f56bfc062723c751e8b465ee728b)  -> (artifact id: 'bc17c9010571033f9de823d89613a47f') in 0.010693 seconds
  Import took 0.014561 seconds .

========================================================================
Received Import Request.
  Time since last request: 8.426866 seconds.
  path: Assets/Scenes/Jefe Nivel 2.unity
  artifactKey: Guid(35a0a7f47d1dc8945a056cfada54a150) Importer(815301076,1909f56bfc062723c751e8b465ee728b)
Start importing Assets/Scenes/Jefe Nivel 2.unity using Guid(35a0a7f47d1dc8945a056cfada54a150) Importer(815301076,1909f56bfc062723c751e8b465ee728b)  -> (artifact id: '5c540f514e3b3d3f88de74a6b032ff0a') in 0.010634 seconds
  Import took 0.014073 seconds .

========================================================================
Received Import Request.
  Time since last request: 6.725212 seconds.
  path: Assets/Scenes/Jefe Nivel 3.unity
  artifactKey: Guid(8f99e3cfca1ceba409bfed7a3a12076e) Importer(815301076,1909f56bfc062723c751e8b465ee728b)
Start importing Assets/Scenes/Jefe Nivel 3.unity using Guid(8f99e3cfca1ceba409bfed7a3a12076e) Importer(815301076,1909f56bfc062723c751e8b465ee728b)  -> (artifact id: 'c8892772588a262e1fc93aebd459c06f') in 0.010409 seconds
  Import took 0.014428 seconds .

========================================================================
Received Import Request.
  Time since last request: 7.529059 seconds.
  path: Assets/Scenes/Jefe Nivel 4.unity
  artifactKey: Guid(acd3dd8fb6294ec41bf5bd7893564bbe) Importer(815301076,1909f56bfc062723c751e8b465ee728b)
Start importing Assets/Scenes/Jefe Nivel 4.unity using Guid(acd3dd8fb6294ec41bf5bd7893564bbe) Importer(815301076,1909f56bfc062723c751e8b465ee728b)  -> (artifact id: '9f941387a331d12f77645bc7dc2dd73e') in 0.012477 seconds
  Import took 0.016136 seconds .

========================================================================
Received Import Request.
  Time since last request: 8.349883 seconds.
  path: Assets/Scenes/Nivel 1
  artifactKey: Guid(a6bac3cb9f218844bbfa2a302460b5b3) Importer(815301076,1909f56bfc062723c751e8b465ee728b)
Start importing Assets/Scenes/Nivel 1 using Guid(a6bac3cb9f218844bbfa2a302460b5b3) Importer(815301076,1909f56bfc062723c751e8b465ee728b)  -> (artifact id: '9ffd0ec556aa4e73cf3673892e492a27') in 0.010783 seconds
  Import took 0.014219 seconds .

========================================================================
Received Import Request.
  Time since last request: 8.511247 seconds.
  path: Assets/Scenes/Nivel 2
  artifactKey: Guid(c06deb95049e1e24c9bccd3f3520fda1) Importer(815301076,1909f56bfc062723c751e8b465ee728b)
Start importing Assets/Scenes/Nivel 2 using Guid(c06deb95049e1e24c9bccd3f3520fda1) Importer(815301076,1909f56bfc062723c751e8b465ee728b)  -> (artifact id: '7af18dde1d3c4eca14b1b112ac1e6ae4') in 0.010580 seconds
  Import took 0.015209 seconds .

========================================================================
Received Import Request.
  Time since last request: 6.997976 seconds.
  path: Assets/Scenes/Nivel 3
  artifactKey: Guid(7dd9c6adc403cba43a1ad85486efab0b) Importer(815301076,1909f56bfc062723c751e8b465ee728b)
Start importing Assets/Scenes/Nivel 3 using Guid(7dd9c6adc403cba43a1ad85486efab0b) Importer(815301076,1909f56bfc062723c751e8b465ee728b)  -> (artifact id: '17c3a4396b513e683736bafdf36132c4') in 0.009194 seconds
  Import took 0.012680 seconds .

========================================================================
Received Import Request.
  Time since last request: 7.628177 seconds.
  path: Assets/Scenes/Nivel 4
  artifactKey: Guid(90e13028e6d30b743a1751c8f18dda1a) Importer(815301076,1909f56bfc062723c751e8b465ee728b)
Start importing Assets/Scenes/Nivel 4 using Guid(90e13028e6d30b743a1751c8f18dda1a) Importer(815301076,1909f56bfc062723c751e8b465ee728b)  -> (artifact id: 'a2f3de43cfcb8e0f02c03f3ed5237c67') in 0.009869 seconds
  Import took 0.014030 seconds .

========================================================================
Received Import Request.
  Time since last request: 12.560893 seconds.
  path: Assets/Scenes/Escenarios de pruebas
  artifactKey: Guid(54819bbed75b59647b39c5197dc3ef1b) Importer(815301076,1909f56bfc062723c751e8b465ee728b)
Start importing Assets/Scenes/Escenarios de pruebas using Guid(54819bbed75b59647b39c5197dc3ef1b) Importer(815301076,1909f56bfc062723c751e8b465ee728b)  -> (artifact id: 'a7d8533d9946463b8e15130a6bf1b194') in 0.009287 seconds
  Import took 0.012996 seconds .

========================================================================
Received Import Request.
  Time since last request: 10.073874 seconds.
  path: Assets/Scenes/Escenarios de pruebas/Escena Mati.cs
  artifactKey: Guid(763d1ed89587519479c920005f311085) Importer(815301076,1909f56bfc062723c751e8b465ee728b)
Start importing Assets/Scenes/Escenarios de pruebas/Escena Mati.cs using Guid(763d1ed89587519479c920005f311085) Importer(815301076,1909f56bfc062723c751e8b465ee728b)  -> (artifact id: '767d67e3b7b1b8603137920b6b933ecd') in 0.071790 seconds
  Import took 0.075292 seconds .

========================================================================
Received Prepare
Registering precompiled user dll's ...
Registered in 0.003776 seconds.
Begin MonoManager ReloadAssembly
Native extension for WindowsStandalone target not found
Native extension for WebGL target not found
Refreshing native plugins compatible for Editor in 0.51 ms, found 3 plugins.
Preloading 0 native plugins for Editor in 0.00 ms.
Mono: successfully reloaded assembly
- Completed reload, in  0.967 seconds
Platform modules already initialized, skipping
Refreshing native plugins compatible for Editor in 0.50 ms, found 3 plugins.
Preloading 0 native plugins for Editor in 0.00 ms.
Unloading 2614 Unused Serialized files (Serialized files now loaded: 0)
System memory in use before: 114.6 MB.
System memory in use after: 114.7 MB.

Unloading 23 unused Assets to reduce memory usage. Loaded Objects now: 3098.
Total: 2.699600 ms (FindLiveObjects: 0.237900 ms CreateObjectMapping: 0.103000 ms MarkObjects: 2.243700 ms  DeleteObjects: 0.113900 ms)

========================================================================
Received Import Request.
  Time since last request: 11.685594 seconds.
  path: Assets/Scenes/Escenarios de pruebas/Escena Martin.cs
  artifactKey: Guid(5dd71f7ba79399d498f31505a9912b99) Importer(815301076,1909f56bfc062723c751e8b465ee728b)
Start importing Assets/Scenes/Escenarios de pruebas/Escena Martin.cs using Guid(5dd71f7ba79399d498f31505a9912b99) Importer(815301076,1909f56bfc062723c751e8b465ee728b)  -> (artifact id: '18156c65bf10d64775ab53a8eeddbfb9') in 0.012701 seconds
  Import took 0.016274 seconds .

========================================================================
Received Prepare
Registering precompiled user dll's ...
Registered in 0.003684 seconds.
Begin MonoManager ReloadAssembly
Native extension for WindowsStandalone target not found
Native extension for WebGL target not found
Refreshing native plugins compatible for Editor in 0.52 ms, found 3 plugins.
Preloading 0 native plugins for Editor in 0.00 ms.
Mono: successfully reloaded assembly
- Completed reload, in  0.932 seconds
Platform modules already initialized, skipping
Refreshing native plugins compatible for Editor in 0.51 ms, found 3 plugins.
Preloading 0 native plugins for Editor in 0.00 ms.
Unloading 2615 Unused Serialized files (Serialized files now loaded: 0)
System memory in use before: 114.7 MB.
System memory in use after: 114.7 MB.

Unloading 23 unused Assets to reduce memory usage. Loaded Objects now: 3101.
Total: 2.378200 ms (FindLiveObjects: 0.238000 ms CreateObjectMapping: 0.093100 ms MarkObjects: 1.933600 ms  DeleteObjects: 0.112500 ms)

========================================================================
Received Import Request.
  Time since last request: 10.911176 seconds.
  path: Assets/Scenes/Escenarios de pruebas/Escena Gary.cs
  artifactKey: Guid(13e3da42ae2256a499b47ee23db7b94d) Importer(815301076,1909f56bfc062723c751e8b465ee728b)
Start importing Assets/Scenes/Escenarios de pruebas/Escena Gary.cs using Guid(13e3da42ae2256a499b47ee23db7b94d) Importer(815301076,1909f56bfc062723c751e8b465ee728b)  -> (artifact id: 'f06991bff233b64966c3485b9e235a61') in 0.012607 seconds
  Import took 0.017246 seconds .

========================================================================
Received Prepare
Registering precompiled user dll's ...
Registered in 0.003490 seconds.
Begin MonoManager ReloadAssembly
Native extension for WindowsStandalone target not found
Native extension for WebGL target not found
Refreshing native plugins compatible for Editor in 0.54 ms, found 3 plugins.
Preloading 0 native plugins for Editor in 0.00 ms.
Mono: successfully reloaded assembly
- Completed reload, in  0.941 seconds
Platform modules already initialized, skipping
Refreshing native plugins compatible for Editor in 0.51 ms, found 3 plugins.
Preloading 0 native plugins for Editor in 0.00 ms.
Unloading 2616 Unused Serialized files (Serialized files now loaded: 0)
System memory in use before: 114.7 MB.
System memory in use after: 114.8 MB.

Unloading 23 unused Assets to reduce memory usage. Loaded Objects now: 3104.
Total: 2.663200 ms (FindLiveObjects: 0.293600 ms CreateObjectMapping: 0.128700 ms MarkObjects: 2.119700 ms  DeleteObjects: 0.120000 ms)

